rlogger/build/intermediates/manifest_merge_blame_file/debug/manifest-merger-blame-debug-report.txt
1<?xml version="1.0" encoding="utf-8"?>
2<manifest xmlns:android="http://schemas.android.com/apk/res/android"
3    package="com.kingroni.rlogger" >
4
5    <uses-sdk android:minSdkVersion="24" />
5-->src/main/AndroidManifest.xml
6
7    <uses-permission android:name="android.permission.WRITE_EXTERNAL_STORAGE" />
7-->src/main/AndroidManifest.xml:3:5-81
7-->src/main/AndroidManifest.xml:3:22-78
8
9</manifest>